<?xml version="1.0" encoding="utf-8"?>
<coverage line-rate="0.6063000000000001" branch-rate="0.3972" version="1.9" timestamp="1574358183" lines-covered="268" lines-valid="442" branches-covered="58" branches-valid="146">
  <sources>
    <source></source>
  </sources>
  <packages>
    <package name="tabletop" line-rate="0.6063000000000001" branch-rate="0.3972" complexity="223">
      <classes>
        <class name="tabletop.Program" filename="/data/git/tabletop/tabletop/tabletop/Program.cs" line-rate="0" branch-rate="1" complexity="2">
          <methods>
            <method name="Main" signature="(System.String[])" line-rate="0" branch-rate="1">
              <lines>
                <line number="10" hits="0" branch="False" />
                <line number="11" hits="0" branch="False" />
              </lines>
            </method>
            <method name="CreateWebHostBuilder" signature="(System.String[])" line-rate="0" branch-rate="1">
              <lines>
                <line number="14" hits="0" branch="False" />
                <line number="15" hits="0" branch="False" />
              </lines>
            </method>
          </methods>
          <lines>
            <line number="10" hits="0" branch="False" />
            <line number="11" hits="0" branch="False" />
            <line number="14" hits="0" branch="False" />
            <line number="15" hits="0" branch="False" />
          </lines>
        </class>
        <class name="tabletop.Startup" filename="/data/git/tabletop/tabletop/tabletop/Startup.cs" line-rate="0" branch-rate="0" complexity="10">
          <methods>
            <method name="GetConnectionString" signature="()" line-rate="0" branch-rate="0">
              <lines>
                <line number="28" hits="0" branch="False" />
                <line number="30" hits="0" branch="True" condition-coverage="0% (0/2)">
                  <conditions>
                    <condition number="17" type="jump" coverage="0%" />
                  </conditions>
                </line>
                <line number="32" hits="0" branch="False" />
                <line number="34" hits="0" branch="False" />
                <line number="36" hits="0" branch="False" />
              </lines>
            </method>
            <method name="ConfigureServices" signature="(Microsoft.Extensions.DependencyInjection.IServiceCollection)" line-rate="0" branch-rate="0">
              <lines>
                <line number="42" hits="0" branch="False" />
                <line number="43" hits="0" branch="False" />
                <line number="44" hits="0" branch="False" />
                <line number="46" hits="0" branch="True" condition-coverage="0% (0/2)">
                  <conditions>
                    <condition number="42" type="jump" coverage="0%" />
                  </conditions>
                </line>
                <line number="47" hits="0" branch="False" />
                <line number="48" hits="0" branch="False" />
                <line number="49" hits="0" branch="False" />
                <line number="50" hits="0" branch="False" />
                <line number="52" hits="0" branch="False" />
              </lines>
            </method>
            <method name="Configure" signature="(Microsoft.AspNetCore.Builder.IApplicationBuilder,Microsoft.AspNetCore.Hosting.IHostingEnvironment)" line-rate="0" branch-rate="0">
              <lines>
                <line number="58" hits="0" branch="True" condition-coverage="0% (0/2)">
                  <conditions>
                    <condition number="6" type="jump" coverage="0%" />
                  </conditions>
                </line>
                <line number="60" hits="0" branch="False" />
                <line number="64" hits="0" branch="False" />
                <line number="66" hits="0" branch="False" />
                <line number="68" hits="0" branch="True" condition-coverage="0% (0/2)">
                  <conditions>
                    <condition number="56" type="jump" coverage="0%" />
                  </conditions>
                </line>
                <line number="69" hits="0" branch="False" />
                <line number="70" hits="0" branch="False" />
                <line number="71" hits="0" branch="False" />
                <line number="73" hits="0" branch="False" />
                <line number="75" hits="0" branch="False" />
                <line number="77" hits="0" branch="False" />
              </lines>
            </method>
            <method name="ConfigureRoutes" signature="(Microsoft.AspNetCore.Routing.IEndpointRouteBuilder)" line-rate="0" branch-rate="1">
              <lines>
                <line number="82" hits="0" branch="False" />
                <line number="83" hits="0" branch="False" />
              </lines>
            </method>
            <method name=".ctor" signature="(Microsoft.Extensions.Configuration.IConfiguration)" line-rate="0" branch-rate="1">
              <lines>
                <line number="21" hits="0" branch="False" />
                <line number="23" hits="0" branch="False" />
                <line number="24" hits="0" branch="False" />
              </lines>
            </method>
          </methods>
          <lines>
            <line number="28" hits="0" branch="False" />
            <line number="30" hits="0" branch="True" condition-coverage="0% (0/2)">
              <conditions>
                <condition number="17" type="jump" coverage="0%" />
              </conditions>
            </line>
            <line number="32" hits="0" branch="False" />
            <line number="34" hits="0" branch="False" />
            <line number="36" hits="0" branch="False" />
            <line number="42" hits="0" branch="False" />
            <line number="43" hits="0" branch="False" />
            <line number="44" hits="0" branch="False" />
            <line number="46" hits="0" branch="True" condition-coverage="0% (0/2)">
              <conditions>
                <condition number="42" type="jump" coverage="0%" />
              </conditions>
            </line>
            <line number="47" hits="0" branch="False" />
            <line number="48" hits="0" branch="False" />
            <line number="49" hits="0" branch="False" />
            <line number="50" hits="0" branch="False" />
            <line number="52" hits="0" branch="False" />
            <line number="58" hits="0" branch="True" condition-coverage="0% (0/2)">
              <conditions>
                <condition number="6" type="jump" coverage="0%" />
              </conditions>
            </line>
            <line number="60" hits="0" branch="False" />
            <line number="64" hits="0" branch="False" />
            <line number="66" hits="0" branch="False" />
            <line number="68" hits="0" branch="True" condition-coverage="0% (0/2)">
              <conditions>
                <condition number="56" type="jump" coverage="0%" />
              </conditions>
            </line>
            <line number="69" hits="0" branch="False" />
            <line number="70" hits="0" branch="False" />
            <line number="71" hits="0" branch="False" />
            <line number="73" hits="0" branch="False" />
            <line number="75" hits="0" branch="False" />
            <line number="77" hits="0" branch="False" />
            <line number="82" hits="0" branch="False" />
            <line number="83" hits="0" branch="False" />
            <line number="21" hits="0" branch="False" />
            <line number="23" hits="0" branch="False" />
            <line number="24" hits="0" branch="False" />
          </lines>
        </class>
        <class name="tabletop.Views.IndexModel" filename="/data/git/tabletop/tabletop/tabletop/Views/_ViewImports.cshtml.cs" line-rate="0" branch-rate="1" complexity="1">
          <methods>
            <method name="OnGet" signature="()" line-rate="0" branch-rate="1">
              <lines>
                <line number="14" hits="0" branch="False" />
              </lines>
            </method>
          </methods>
          <lines>
            <line number="14" hits="0" branch="False" />
          </lines>
        </class>
        <class name="tabletop.ViewModels.EventsOfficeHoursModel" filename="/data/git/tabletop/tabletop/tabletop/ViewModels/EventsOfficeHoursModel.cs" line-rate="1" branch-rate="1" complexity="7">
          <methods>
            <method name="get_TimeZone" signature="()" line-rate="1" branch-rate="1">
              <lines>
                <line number="12" hits="5" branch="False" />
              </lines>
            </method>
            <method name="get_StartDateTime" signature="()" line-rate="1" branch-rate="1">
              <lines>
                <line number="14" hits="10" branch="False" />
              </lines>
            </method>
            <method name="get_EndDateTime" signature="()" line-rate="1" branch-rate="1">
              <lines>
                <line number="15" hits="10" branch="False" />
              </lines>
            </method>
            <method name="get_Length" signature="()" line-rate="1" branch-rate="1">
              <lines>
                <line number="17" hits="10" branch="False" />
              </lines>
            </method>
            <method name="get_Day" signature="()" line-rate="1" branch-rate="1">
              <lines>
                <line number="19" hits="5" branch="False" />
              </lines>
            </method>
            <method name="get_AmountOfMotions" signature="()" line-rate="1" branch-rate="1">
              <lines>
                <line number="24" hits="199070" branch="False" />
              </lines>
            </method>
            <method name=".ctor" signature="()" line-rate="1" branch-rate="1">
              <lines>
                <line number="8" hits="5" branch="False" />
                <line number="10" hits="5" branch="False" />
                <line number="11" hits="5" branch="False" />
              </lines>
            </method>
          </methods>
          <lines>
            <line number="12" hits="5" branch="False" />
            <line number="14" hits="10" branch="False" />
            <line number="15" hits="10" branch="False" />
            <line number="17" hits="10" branch="False" />
            <line number="19" hits="5" branch="False" />
            <line number="24" hits="199070" branch="False" />
            <line number="8" hits="5" branch="False" />
            <line number="10" hits="5" branch="False" />
            <line number="11" hits="5" branch="False" />
          </lines>
        </class>
        <class name="tabletop.ViewModels.HomeViewModel" filename="/data/git/tabletop/tabletop/tabletop/ViewModels/HomeViewModel.cs" line-rate="0" branch-rate="1" complexity="14">
          <methods>
            <method name="get_Name" signature="()" line-rate="0" branch-rate="1">
              <lines>
                <line number="11" hits="0" branch="False" />
              </lines>
            </method>
            <method name="get_List" signature="()" line-rate="0" branch-rate="1">
              <lines>
                <line number="13" hits="0" branch="False" />
              </lines>
            </method>
            <method name="get_RelativeDate" signature="()" line-rate="0" branch-rate="1">
              <lines>
                <line number="15" hits="0" branch="False" />
              </lines>
            </method>
            <method name="get_TomorrowRelativeDate" signature="()" line-rate="0" branch-rate="1">
              <lines>
                <line number="16" hits="0" branch="False" />
              </lines>
            </method>
            <method name="get_YesterdayRelativeDate" signature="()" line-rate="0" branch-rate="1">
              <lines>
                <line number="17" hits="0" branch="False" />
              </lines>
            </method>
            <method name="get_IsFree" signature="()" line-rate="0" branch-rate="1">
              <lines>
                <line number="18" hits="0" branch="False" />
              </lines>
            </method>
            <method name="get_IsFreeLatestAmsterdamDateTime" signature="()" line-rate="0" branch-rate="1">
              <lines>
                <line number="19" hits="0" branch="False" />
              </lines>
            </method>
            <method name="get_IsFreeLatestUtcString" signature="()" line-rate="0" branch-rate="1">
              <lines>
                <line number="20" hits="0" branch="False" />
              </lines>
            </method>
            <method name="get_Day" signature="()" line-rate="0" branch-rate="1">
              <lines>
                <line number="22" hits="0" branch="False" />
              </lines>
            </method>
            <method name="get_Yesterday" signature="()" line-rate="0" branch-rate="1">
              <lines>
                <line number="23" hits="0" branch="False" />
              </lines>
            </method>
            <method name="get_Tomorrow" signature="()" line-rate="0" branch-rate="1">
              <lines>
                <line number="24" hits="0" branch="False" />
              </lines>
            </method>
            <method name="get_Today" signature="()" line-rate="0" branch-rate="1">
              <lines>
                <line number="25" hits="0" branch="False" />
              </lines>
            </method>
            <method name="get_NameUrlSafe" signature="()" line-rate="0" branch-rate="1">
              <lines>
                <line number="26" hits="0" branch="False" />
              </lines>
            </method>
            <method name="get_NameId" signature="()" line-rate="0" branch-rate="1">
              <lines>
                <line number="27" hits="0" branch="False" />
              </lines>
            </method>
          </methods>
          <lines>
            <line number="11" hits="0" branch="False" />
            <line number="13" hits="0" branch="False" />
            <line number="15" hits="0" branch="False" />
            <line number="16" hits="0" branch="False" />
            <line number="17" hits="0" branch="False" />
            <line number="18" hits="0" branch="False" />
            <line number="19" hits="0" branch="False" />
            <line number="20" hits="0" branch="False" />
            <line number="22" hits="0" branch="False" />
            <line number="23" hits="0" branch="False" />
            <line number="24" hits="0" branch="False" />
            <line number="25" hits="0" branch="False" />
            <line number="26" hits="0" branch="False" />
            <line number="27" hits="0" branch="False" />
          </lines>
        </class>
        <class name="tabletop.ViewModels.WeightViewModel" filename="/data/git/tabletop/tabletop/tabletop/ViewModels/WeightViewModel.cs" line-rate="1" branch-rate="1" complexity="5">
          <methods>
            <method name="get_Weight" signature="()" line-rate="1" branch-rate="1">
              <lines>
                <line number="7" hits="199214" branch="False" />
              </lines>
            </method>
            <method name="get_StartDateTime" signature="()" line-rate="1" branch-rate="1">
              <lines>
                <line number="8" hits="796229" branch="False" />
              </lines>
            </method>
            <method name="get_EndDateTime" signature="()" line-rate="1" branch-rate="1">
              <lines>
                <line number="9" hits="397912" branch="False" />
              </lines>
            </method>
            <method name="get_Label" signature="()" line-rate="1" branch-rate="1">
              <lines>
                <line number="11" hits="199158" branch="False" />
              </lines>
            </method>
            <method name="get_LabelUtc" signature="()" line-rate="1" branch-rate="1">
              <lines>
                <line number="12" hits="199060" branch="False" />
              </lines>
            </method>
          </methods>
          <lines>
            <line number="7" hits="199214" branch="False" />
            <line number="8" hits="796229" branch="False" />
            <line number="9" hits="397912" branch="False" />
            <line number="11" hits="199158" branch="False" />
            <line number="12" hits="199060" branch="False" />
          </lines>
        </class>
        <class name="tabletop.Services.SqlUpdateStatus" filename="/data/git/tabletop/tabletop/tabletop/Services/SQLUpdateStatus.cs" line-rate="0.8172" branch-rate="0.6578" complexity="46">
          <methods>
            <method name="GetTimeSpanByName" signature="(System.String,System.DateTime,System.DateTime)" line-rate="1" branch-rate="1">
              <lines>
                <line number="29" hits="2" branch="False" />
                <line number="30" hits="2" branch="False" />
                <line number="31" hits="2" branch="False" />
                <line number="32" hits="2" branch="False" />
              </lines>
            </method>
            <method name="Add" signature="(tabletop.Models.ChannelUser)" line-rate="0" branch-rate="1">
              <lines>
                <line number="38" hits="0" branch="False" />
                <line number="39" hits="0" branch="False" />
                <line number="40" hits="0" branch="False" />
              </lines>
            </method>
            <method name="Update" signature="(tabletop.Models.ChannelUser)" line-rate="0" branch-rate="1">
              <lines>
                <line number="46" hits="0" branch="False" />
                <line number="47" hits="0" branch="False" />
                <line number="48" hits="0" branch="False" />
              </lines>
            </method>
            <method name="Update" signature="(tabletop.Models.ChannelEvent)" line-rate="1" branch-rate="1">
              <lines>
                <line number="54" hits="1" branch="False" />
                <line number="55" hits="1" branch="False" />
                <line number="56" hits="1" branch="False" />
              </lines>
            </method>
            <method name="AddOrUpdate" signature="(tabletop.Models.InputChannelEvent)" line-rate="0.9259000000000001" branch-rate="0.6666">
              <lines>
                <line number="63" hits="5" branch="True" condition-coverage="50% (1/2)">
                  <conditions>
                    <condition number="12" type="jump" coverage="50%" />
                  </conditions>
                </line>
                <line number="66" hits="5" branch="False" />
                <line number="67" hits="5" branch="False" />
                <line number="68" hits="5" branch="False" />
                <line number="69" hits="5" branch="False" />
                <line number="70" hits="5" branch="False" />
                <line number="74" hits="5" branch="True" condition-coverage="100% (2/2)">
                  <conditions>
                    <condition number="67" type="jump" coverage="100%" />
                  </conditions>
                </line>
                <line number="76" hits="2" branch="False" />
                <line number="77" hits="2" branch="False" />
                <line number="78" hits="2" branch="False" />
                <line number="79" hits="2" branch="False" />
                <line number="80" hits="2" branch="False" />
                <line number="81" hits="2" branch="False" />
                <line number="82" hits="2" branch="False" />
                <line number="83" hits="2" branch="False" />
                <line number="84" hits="2" branch="False" />
                <line number="87" hits="2" branch="False" />
                <line number="89" hits="2" branch="False" />
                <line number="92" hits="3" branch="True" condition-coverage="50% (1/2)">
                  <conditions>
                    <condition number="163" type="jump" coverage="50%" />
                  </conditions>
                </line>
                <line number="93" hits="0" branch="False" />
                <line number="95" hits="3" branch="False" />
                <line number="96" hits="3" branch="False" />
                <line number="97" hits="3" branch="False" />
                <line number="98" hits="3" branch="False" />
                <line number="101" hits="3" branch="False" />
                <line number="103" hits="3" branch="False" />
                <line number="107" hits="0" branch="False" />
              </lines>
            </method>
            <method name="IsUserInDatabase" signature="(System.String)" line-rate="0.6666" branch-rate="0.5">
              <lines>
                <line number="115" hits="5" branch="True" condition-coverage="50% (1/2)">
                  <conditions>
                    <condition number="124" type="jump" coverage="50%" />
                  </conditions>
                </line>
                <line number="119" hits="0" branch="False" />
                <line number="121" hits="5" branch="False" />
              </lines>
            </method>
            <method name="GetChannelUserIdByUrlSafeName" signature="(System.String,System.Boolean)" line-rate="0.6666" branch-rate="0.5">
              <lines>
                <line number="128" hits="23" branch="False" />
                <line number="130" hits="23" branch="False" />
                <line number="131" hits="23" branch="False" />
                <line number="133" hits="25" branch="True" condition-coverage="100% (2/2)">
                  <conditions>
                    <condition number="203" type="jump" coverage="100%" />
                  </conditions>
                </line>
                <line number="135" hits="21" branch="True" condition-coverage="50% (1/2)">
                  <conditions>
                    <condition number="208" type="jump" coverage="50%" />
                  </conditions>
                </line>
                <line number="137" hits="0" branch="True" condition-coverage="0% (0/2)">
                  <conditions>
                    <condition number="216" type="jump" coverage="0%" />
                  </conditions>
                </line>
                <line number="139" hits="0" branch="False" />
                <line number="143" hits="0" branch="False" />
                <line number="147" hits="21" branch="False" />
              </lines>
            </method>
            <method name="GetAllChannelUsers" signature="()" line-rate="0" branch-rate="0">
              <lines>
                <line number="157" hits="0" branch="True" condition-coverage="0% (0/2)">
                  <conditions>
                    <condition number="18" type="jump" coverage="0%" />
                  </conditions>
                </line>
                <line number="158" hits="0" branch="False" />
                <line number="160" hits="0" branch="False" />
                <line number="161" hits="0" branch="False" />
                <line number="162" hits="0" branch="False" />
              </lines>
            </method>
            <method name="AddUser" signature="(System.String)" line-rate="1" branch-rate="1">
              <lines>
                <line number="167" hits="4" branch="True" condition-coverage="100% (2/2)">
                  <conditions>
                    <condition number="6" type="jump" coverage="100%" />
                  </conditions>
                </line>
                <line number="169" hits="2" branch="False" />
                <line number="170" hits="2" branch="False" />
                <line number="171" hits="2" branch="False" />
                <line number="172" hits="2" branch="False" />
                <line number="173" hits="2" branch="False" />
                <line number="174" hits="2" branch="False" />
                <line number="175" hits="2" branch="False" />
                <line number="176" hits="2" branch="False" />
                <line number="177" hits="2" branch="False" />
                <line number="179" hits="2" branch="False" />
                <line number="180" hits="2" branch="False" />
                <line number="182" hits="2" branch="False" />
              </lines>
            </method>
            <method name="GetLastMinute" signature="(System.String)" line-rate="1" branch-rate="1">
              <lines>
                <line number="188" hits="5" branch="False" />
                <line number="189" hits="5" branch="False" />
                <line number="191" hits="5" branch="False" />
                <line number="193" hits="5" branch="False" />
                <line number="194" hits="5" branch="False" />
                <line number="195" hits="5" branch="False" />
                <line number="197" hits="5" branch="False" />
              </lines>
            </method>
            <method name="IsFree" signature="(System.String)" line-rate="0.8332999999999999" branch-rate="0.5">
              <lines>
                <line number="207" hits="3" branch="False" />
                <line number="208" hits="3" branch="True" condition-coverage="50% (1/2)">
                  <conditions>
                    <condition number="22" type="jump" coverage="50%" />
                  </conditions>
                </line>
                <line number="209" hits="0" branch="False" />
                <line number="211" hits="3" branch="False" />
                <line number="212" hits="3" branch="False" />
                <line number="213" hits="3" branch="False" />
              </lines>
            </method>
            <method name="cacheIsFreeName" signature="(System.String)" line-rate="1" branch-rate="1">
              <lines>
                <line number="218" hits="8" branch="False" />
              </lines>
            </method>
            <method name="CacheIsFreeUpdateItem" signature="(System.String,tabletop.Models.ChannelEvent)" line-rate="0.5" branch-rate="0.5">
              <lines>
                <line number="223" hits="5" branch="True" condition-coverage="50% (1/2)">
                  <conditions>
                    <condition number="6" type="jump" coverage="50%" />
                  </conditions>
                </line>
                <line number="224" hits="5" branch="False" />
                <line number="226" hits="10" branch="True" condition-coverage="50% (1/2)">
                  <conditions>
                    <condition number="31" type="jump" coverage="50%" />
                  </conditions>
                </line>
                <line number="227" hits="0" branch="False" />
                <line number="228" hits="0" branch="False" />
                <line number="229" hits="0" branch="False" />
              </lines>
            </method>
            <method name="IsFreeQuery" signature="(System.String)" line-rate="1" branch-rate="1">
              <lines>
                <line number="233" hits="3" branch="False" />
                <line number="234" hits="3" branch="False" />
                <line number="235" hits="3" branch="False" />
                <line number="236" hits="3" branch="False" />
              </lines>
            </method>
            <method name="IsFree" signature="(tabletop.Models.ChannelEvent)" line-rate="1" branch-rate="1">
              <lines>
                <line number="241" hits="3" branch="True" condition-coverage="100% (2/2)">
                  <conditions>
                    <condition number="1" type="jump" coverage="100%" />
                  </conditions>
                </line>
                <line number="243" hits="1" branch="False" />
                <line number="244" hits="1" branch="False" />
                <line number="245" hits="1" branch="False" />
                <line number="246" hits="1" branch="False" />
                <line number="249" hits="2" branch="False" />
                <line number="251" hits="2" branch="False" />
                <line number="252" hits="2" branch="False" />
                <line number="253" hits="2" branch="False" />
                <line number="254" hits="2" branch="False" />
                <line number="255" hits="2" branch="False" />
                <line number="257" hits="2" branch="False" />
                <line number="258" hits="2" branch="True" condition-coverage="100% (2/2)">
                  <conditions>
                    <condition number="81" type="jump" coverage="100%" />
                  </conditions>
                </line>
                <line number="260" hits="1" branch="False" />
                <line number="263" hits="2" branch="False" />
              </lines>
            </method>
            <method name="EventsRecent" signature="(System.String)" line-rate="1" branch-rate="1">
              <lines>
                <line number="268" hits="2" branch="False" />
                <line number="270" hits="2" branch="False" />
                <line number="271" hits="2" branch="False" />
                <line number="272" hits="2" branch="False" />
                <line number="273" hits="2" branch="False" />
                <line number="275" hits="2" branch="False" />
                <line number="277" hits="2" branch="False" />
                <line number="278" hits="2" branch="True" condition-coverage="100% (2/2)">
                  <conditions>
                    <condition number="92" type="jump" coverage="100%" />
                  </conditions>
                </line>
                <line number="280" hits="1" branch="False" />
                <line number="282" hits="1" branch="False" />
                <line number="284" hits="1" branch="False" />
                <line number="285" hits="1" branch="False" />
                <line number="286" hits="1" branch="False" />
                <line number="287" hits="1" branch="False" />
                <line number="288" hits="1" branch="False" />
                <line number="289" hits="1" branch="False" />
                <line number="291" hits="1" branch="False" />
              </lines>
            </method>
            <method name="EventsDayView" signature="(System.DateTime,System.String)" line-rate="0.5714" branch-rate="0.5">
              <lines>
                <line number="296" hits="2" branch="False" />
                <line number="298" hits="2" branch="False" />
                <line number="299" hits="2" branch="False" />
                <line number="301" hits="2" branch="False" />
                <line number="302" hits="2" branch="True" condition-coverage="50% (1/2)">
                  <conditions>
                    <condition number="51" type="jump" coverage="50%" />
                  </conditions>
                </line>
                <line number="304" hits="0" branch="False" />
                <line number="307" hits="2" branch="False" />
                <line number="309" hits="2" branch="False" />
                <line number="310" hits="2" branch="False" />
                <line number="311" hits="2" branch="False" />
                <line number="312" hits="2" branch="False" />
                <line number="313" hits="2" branch="False" />
                <line number="314" hits="2" branch="False" />
                <line number="316" hits="2" branch="True" condition-coverage="50% (1/2)">
                  <conditions>
                    <condition number="414" type="jump" coverage="50%" />
                  </conditions>
                </line>
                <line number="318" hits="0" branch="False" />
                <line number="319" hits="0" branch="False" />
                <line number="320" hits="0" branch="False" />
                <line number="321" hits="0" branch="False" />
                <line number="323" hits="0" branch="False" />
                <line number="325" hits="0" branch="False" />
                <line number="326" hits="0" branch="False" />
                <line number="327" hits="0" branch="False" />
                <line number="328" hits="0" branch="False" />
                <line number="329" hits="0" branch="False" />
                <line number="330" hits="0" branch="False" />
                <line number="331" hits="0" branch="False" />
                <line number="332" hits="0" branch="False" />
                <line number="333" hits="0" branch="False" />
                <line number="336" hits="2" branch="False" />
                <line number="337" hits="2" branch="False" />
                <line number="338" hits="2" branch="False" />
                <line number="340" hits="2" branch="False" />
                <line number="341" hits="4" branch="False" />
                <line number="342" hits="4" branch="False" />
                <line number="344" hits="2" branch="False" />
              </lines>
            </method>
            <method name="ParseEvents" signature="(System.Collections.Generic.List`1&lt;tabletop.Models.ChannelEvent&gt;,System.DateTime,System.DateTime)" line-rate="1" branch-rate="1">
              <lines>
                <line number="350" hits="5" branch="False" />
                <line number="352" hits="5" branch="False" />
                <line number="353" hits="5" branch="False" />
                <line number="354" hits="5" branch="False" />
                <line number="355" hits="5" branch="False" />
                <line number="356" hits="5" branch="False" />
                <line number="357" hits="5" branch="False" />
                <line number="358" hits="5" branch="False" />
                <line number="359" hits="5" branch="False" />
                <line number="361" hits="5" branch="False" />
                <line number="362" hits="5" branch="False" />
                <line number="363" hits="5" branch="False" />
                <line number="364" hits="5" branch="False" />
                <line number="365" hits="5" branch="False" />
                <line number="368" hits="5" branch="False" />
                <line number="369" hits="199065" branch="True" condition-coverage="100% (2/2)">
                  <conditions>
                    <condition number="583" type="jump" coverage="100%" />
                  </conditions>
                </line>
                <line number="372" hits="199060" branch="False" />
                <line number="373" hits="199060" branch="False" />
                <line number="374" hits="199060" branch="False" />
                <line number="375" hits="199060" branch="False" />
                <line number="376" hits="199060" branch="False" />
                <line number="377" hits="199060" branch="False" />
                <line number="378" hits="199060" branch="False" />
                <line number="380" hits="199060" branch="True" condition-coverage="100% (2/2)">
                  <conditions>
                    <condition number="493" type="jump" coverage="100%" />
                  </conditions>
                </line>
                <line number="381" hits="199060" branch="False" />
                <line number="382" hits="398011" branch="False" />
                <line number="383" hits="398011" branch="False" />
                <line number="384" hits="199064" branch="False" />
                <line number="386" hits="199060" branch="False" />
                <line number="387" hits="199060" branch="False" />
                <line number="388" hits="199060" branch="False" />
                <line number="390" hits="5" branch="False" />
              </lines>
            </method>
            <method name=".ctor" signature="(tabletop.Data.AppDbContext,Microsoft.Extensions.Caching.Memory.IMemoryCache)" line-rate="1" branch-rate="1">
              <lines>
                <line number="20" hits="14" branch="False" />
                <line number="22" hits="14" branch="False" />
                <line number="23" hits="14" branch="False" />
                <line number="24" hits="14" branch="False" />
              </lines>
            </method>
          </methods>
          <lines>
            <line number="29" hits="2" branch="False" />
            <line number="30" hits="2" branch="False" />
            <line number="31" hits="2" branch="False" />
            <line number="32" hits="2" branch="False" />
            <line number="38" hits="0" branch="False" />
            <line number="39" hits="0" branch="False" />
            <line number="40" hits="0" branch="False" />
            <line number="46" hits="0" branch="False" />
            <line number="47" hits="0" branch="False" />
            <line number="48" hits="0" branch="False" />
            <line number="54" hits="1" branch="False" />
            <line number="55" hits="1" branch="False" />
            <line number="56" hits="1" branch="False" />
            <line number="63" hits="5" branch="True" condition-coverage="50% (1/2)">
              <conditions>
                <condition number="12" type="jump" coverage="50%" />
              </conditions>
            </line>
            <line number="66" hits="5" branch="False" />
            <line number="67" hits="5" branch="False" />
            <line number="68" hits="5" branch="False" />
            <line number="69" hits="5" branch="False" />
            <line number="70" hits="5" branch="False" />
            <line number="74" hits="5" branch="True" condition-coverage="100% (2/2)">
              <conditions>
                <condition number="67" type="jump" coverage="100%" />
              </conditions>
            </line>
            <line number="76" hits="2" branch="False" />
            <line number="77" hits="2" branch="False" />
            <line number="78" hits="2" branch="False" />
            <line number="79" hits="2" branch="False" />
            <line number="80" hits="2" branch="False" />
            <line number="81" hits="2" branch="False" />
            <line number="82" hits="2" branch="False" />
            <line number="83" hits="2" branch="False" />
            <line number="84" hits="2" branch="False" />
            <line number="87" hits="2" branch="False" />
            <line number="89" hits="2" branch="False" />
            <line number="92" hits="3" branch="True" condition-coverage="50% (1/2)">
              <conditions>
                <condition number="163" type="jump" coverage="50%" />
              </conditions>
            </line>
            <line number="93" hits="0" branch="False" />
            <line number="95" hits="3" branch="False" />
            <line number="96" hits="3" branch="False" />
            <line number="97" hits="3" branch="False" />
            <line number="98" hits="3" branch="False" />
            <line number="101" hits="3" branch="False" />
            <line number="103" hits="3" branch="False" />
            <line number="107" hits="0" branch="False" />
            <line number="115" hits="5" branch="True" condition-coverage="50% (1/2)">
              <conditions>
                <condition number="124" type="jump" coverage="50%" />
              </conditions>
            </line>
            <line number="119" hits="0" branch="False" />
            <line number="121" hits="5" branch="False" />
            <line number="128" hits="23" branch="False" />
            <line number="130" hits="23" branch="False" />
            <line number="131" hits="23" branch="False" />
            <line number="133" hits="25" branch="True" condition-coverage="100% (2/2)">
              <conditions>
                <condition number="203" type="jump" coverage="100%" />
              </conditions>
            </line>
            <line number="135" hits="21" branch="True" condition-coverage="50% (1/2)">
              <conditions>
                <condition number="208" type="jump" coverage="50%" />
              </conditions>
            </line>
            <line number="137" hits="0" branch="True" condition-coverage="0% (0/2)">
              <conditions>
                <condition number="216" type="jump" coverage="0%" />
              </conditions>
            </line>
            <line number="139" hits="0" branch="False" />
            <line number="143" hits="0" branch="False" />
            <line number="147" hits="21" branch="False" />
            <line number="157" hits="0" branch="True" condition-coverage="0% (0/2)">
              <conditions>
                <condition number="18" type="jump" coverage="0%" />
              </conditions>
            </line>
            <line number="158" hits="0" branch="False" />
            <line number="160" hits="0" branch="False" />
            <line number="161" hits="0" branch="False" />
            <line number="162" hits="0" branch="False" />
            <line number="167" hits="4" branch="True" condition-coverage="100% (2/2)">
              <conditions>
                <condition number="6" type="jump" coverage="100%" />
              </conditions>
            </line>
            <line number="169" hits="2" branch="False" />
            <line number="170" hits="2" branch="False" />
            <line number="171" hits="2" branch="False" />
            <line number="172" hits="2" branch="False" />
            <line number="173" hits="2" branch="False" />
            <line number="174" hits="2" branch="False" />
            <line number="175" hits="2" branch="False" />
            <line number="176" hits="2" branch="False" />
            <line number="177" hits="2" branch="False" />
            <line number="179" hits="2" branch="False" />
            <line number="180" hits="2" branch="False" />
            <line number="182" hits="2" branch="False" />
            <line number="188" hits="5" branch="False" />
            <line number="189" hits="5" branch="False" />
            <line number="191" hits="5" branch="False" />
            <line number="193" hits="5" branch="False" />
            <line number="194" hits="5" branch="False" />
            <line number="195" hits="5" branch="False" />
            <line number="197" hits="5" branch="False" />
            <line number="207" hits="3" branch="False" />
            <line number="208" hits="3" branch="True" condition-coverage="50% (1/2)">
              <conditions>
                <condition number="22" type="jump" coverage="50%" />
              </conditions>
            </line>
            <line number="209" hits="0" branch="False" />
            <line number="211" hits="3" branch="False" />
            <line number="212" hits="3" branch="False" />
            <line number="213" hits="3" branch="False" />
            <line number="218" hits="8" branch="False" />
            <line number="223" hits="5" branch="True" condition-coverage="50% (1/2)">
              <conditions>
                <condition number="6" type="jump" coverage="50%" />
              </conditions>
            </line>
            <line number="224" hits="5" branch="False" />
            <line number="226" hits="10" branch="True" condition-coverage="50% (1/2)">
              <conditions>
                <condition number="31" type="jump" coverage="50%" />
              </conditions>
            </line>
            <line number="227" hits="0" branch="False" />
            <line number="228" hits="0" branch="False" />
            <line number="229" hits="0" branch="False" />
            <line number="233" hits="3" branch="False" />
            <line number="234" hits="3" branch="False" />
            <line number="235" hits="3" branch="False" />
            <line number="236" hits="3" branch="False" />
            <line number="241" hits="3" branch="True" condition-coverage="100% (2/2)">
              <conditions>
                <condition number="1" type="jump" coverage="100%" />
              </conditions>
            </line>
            <line number="243" hits="1" branch="False" />
            <line number="244" hits="1" branch="False" />
            <line number="245" hits="1" branch="False" />
            <line number="246" hits="1" branch="False" />
            <line number="249" hits="2" branch="False" />
            <line number="251" hits="2" branch="False" />
            <line number="252" hits="2" branch="False" />
            <line number="253" hits="2" branch="False" />
            <line number="254" hits="2" branch="False" />
            <line number="255" hits="2" branch="False" />
            <line number="257" hits="2" branch="False" />
            <line number="258" hits="2" branch="True" condition-coverage="100% (2/2)">
              <conditions>
                <condition number="81" type="jump" coverage="100%" />
              </conditions>
            </line>
            <line number="260" hits="1" branch="False" />
            <line number="263" hits="2" branch="False" />
            <line number="268" hits="2" branch="False" />
            <line number="270" hits="2" branch="False" />
            <line number="271" hits="2" branch="False" />
            <line number="272" hits="2" branch="False" />
            <line number="273" hits="2" branch="False" />
            <line number="275" hits="2" branch="False" />
            <line number="277" hits="2" branch="False" />
            <line number="278" hits="2" branch="True" condition-coverage="100% (2/2)">
              <conditions>
                <condition number="92" type="jump" coverage="100%" />
              </conditions>
            </line>
            <line number="280" hits="1" branch="False" />
            <line number="282" hits="1" branch="False" />
            <line number="284" hits="1" branch="False" />
            <line number="285" hits="1" branch="False" />
            <line number="286" hits="1" branch="False" />
            <line number="287" hits="1" branch="False" />
            <line number="288" hits="1" branch="False" />
            <line number="289" hits="1" branch="False" />
            <line number="291" hits="1" branch="False" />
            <line number="296" hits="2" branch="False" />
            <line number="298" hits="2" branch="False" />
            <line number="299" hits="2" branch="False" />
            <line number="301" hits="2" branch="False" />
            <line number="302" hits="2" branch="True" condition-coverage="50% (1/2)">
              <conditions>
                <condition number="51" type="jump" coverage="50%" />
              </conditions>
            </line>
            <line number="304" hits="0" branch="False" />
            <line number="307" hits="2" branch="False" />
            <line number="309" hits="2" branch="False" />
            <line number="310" hits="2" branch="False" />
            <line number="311" hits="2" branch="False" />
            <line number="312" hits="2" branch="False" />
            <line number="313" hits="2" branch="False" />
            <line number="314" hits="2" branch="False" />
            <line number="316" hits="2" branch="True" condition-coverage="50% (1/2)">
              <conditions>
                <condition number="414" type="jump" coverage="50%" />
              </conditions>
            </line>
            <line number="318" hits="0" branch="False" />
            <line number="319" hits="0" branch="False" />
            <line number="320" hits="0" branch="False" />
            <line number="321" hits="0" branch="False" />
            <line number="323" hits="0" branch="False" />
            <line number="325" hits="0" branch="False" />
            <line number="326" hits="0" branch="False" />
            <line number="327" hits="0" branch="False" />
            <line number="328" hits="0" branch="False" />
            <line number="329" hits="0" branch="False" />
            <line number="330" hits="0" branch="False" />
            <line number="331" hits="0" branch="False" />
            <line number="332" hits="0" branch="False" />
            <line number="333" hits="0" branch="False" />
            <line number="336" hits="2" branch="False" />
            <line number="337" hits="2" branch="False" />
            <line number="338" hits="2" branch="False" />
            <line number="340" hits="2" branch="False" />
            <line number="341" hits="4" branch="False" />
            <line number="342" hits="4" branch="False" />
            <line number="344" hits="2" branch="False" />
            <line number="350" hits="5" branch="False" />
            <line number="352" hits="5" branch="False" />
            <line number="353" hits="5" branch="False" />
            <line number="354" hits="5" branch="False" />
            <line number="355" hits="5" branch="False" />
            <line number="356" hits="5" branch="False" />
            <line number="357" hits="5" branch="False" />
            <line number="358" hits="5" branch="False" />
            <line number="359" hits="5" branch="False" />
            <line number="361" hits="5" branch="False" />
            <line number="362" hits="5" branch="False" />
            <line number="363" hits="5" branch="False" />
            <line number="364" hits="5" branch="False" />
            <line number="365" hits="5" branch="False" />
            <line number="368" hits="5" branch="False" />
            <line number="369" hits="199065" branch="True" condition-coverage="100% (2/2)">
              <conditions>
                <condition number="583" type="jump" coverage="100%" />
              </conditions>
            </line>
            <line number="372" hits="199060" branch="False" />
            <line number="373" hits="199060" branch="False" />
            <line number="374" hits="199060" branch="False" />
            <line number="375" hits="199060" branch="False" />
            <line number="376" hits="199060" branch="False" />
            <line number="377" hits="199060" branch="False" />
            <line number="378" hits="199060" branch="False" />
            <line number="380" hits="199060" branch="True" condition-coverage="100% (2/2)">
              <conditions>
                <condition number="493" type="jump" coverage="100%" />
              </conditions>
            </line>
            <line number="381" hits="199060" branch="False" />
            <line number="382" hits="398011" branch="False" />
            <line number="383" hits="398011" branch="False" />
            <line number="384" hits="199064" branch="False" />
            <line number="386" hits="199060" branch="False" />
            <line number="387" hits="199060" branch="False" />
            <line number="388" hits="199060" branch="False" />
            <line number="390" hits="5" branch="False" />
            <line number="20" hits="14" branch="False" />
            <line number="22" hits="14" branch="False" />
            <line number="23" hits="14" branch="False" />
            <line number="24" hits="14" branch="False" />
          </lines>
        </class>
        <class name="tabletop.Services.SqlUpdateStatus/&lt;&gt;c__DisplayClass19_0" filename="/data/git/tabletop/tabletop/tabletop/Services/SQLUpdateStatus.cs" line-rate="1" branch-rate="0.5" complexity="2">
          <methods />
          <lines />
        </class>
        <class name="tabletop.Services.SqlUpdateStatus/&lt;&gt;c__DisplayClass20_1" filename="/data/git/tabletop/tabletop/tabletop/Services/SQLUpdateStatus.cs" line-rate="1" branch-rate="1" complexity="2">
          <methods />
          <lines />
        </class>
        <class name="tabletop.Models.ChannelEvent" filename="/data/git/tabletop/tabletop/tabletop/Models/ChannelEvent.cs" line-rate="0.6666" branch-rate="1" complexity="6">
          <methods>
            <method name="get_Id" signature="()" line-rate="0" branch-rate="1">
              <lines>
                <line number="10" hits="0" branch="False" />
              </lines>
            </method>
            <method name="get_Status" signature="()" line-rate="1" branch-rate="1">
              <lines>
                <line number="13" hits="2" branch="False" />
              </lines>
            </method>
            <method name="get_ChannelUser" signature="()" line-rate="0" branch-rate="1">
              <lines>
                <line number="16" hits="0" branch="False" />
              </lines>
            </method>
            <method name="get_ChannelUserId" signature="()" line-rate="1" branch-rate="1">
              <lines>
                <line number="18" hits="2" branch="False" />
              </lines>
            </method>
            <method name="get_DateTime" signature="()" line-rate="1" branch-rate="1">
              <lines>
                <line number="22" hits="397819" branch="False" />
              </lines>
            </method>
            <method name="get_Weight" signature="()" line-rate="1" branch-rate="1">
              <lines>
                <line number="24" hits="12" branch="False" />
              </lines>
            </method>
          </methods>
          <lines>
            <line number="10" hits="0" branch="False" />
            <line number="13" hits="2" branch="False" />
            <line number="16" hits="0" branch="False" />
            <line number="18" hits="2" branch="False" />
            <line number="22" hits="397819" branch="False" />
            <line number="24" hits="12" branch="False" />
          </lines>
        </class>
        <class name="tabletop.Models.ChannelEventsModel" filename="/data/git/tabletop/tabletop/tabletop/Models/ChannelEventsModel.cs" line-rate="0" branch-rate="1" complexity="2">
          <methods>
            <method name="get_Name" signature="()" line-rate="0" branch-rate="1">
              <lines>
                <line number="9" hits="0" branch="False" />
              </lines>
            </method>
            <method name="get_Events" signature="()" line-rate="0" branch-rate="1">
              <lines>
                <line number="12" hits="0" branch="False" />
              </lines>
            </method>
          </methods>
          <lines>
            <line number="9" hits="0" branch="False" />
            <line number="12" hits="0" branch="False" />
          </lines>
        </class>
        <class name="tabletop.Models.ChannelUser" filename="/data/git/tabletop/tabletop/tabletop/Models/ChannelUser.cs" line-rate="0.8887999999999999" branch-rate="0.5" complexity="10">
          <methods>
            <method name="get_Name" signature="()" line-rate="1" branch-rate="1">
              <lines>
                <line number="13" hits="6" branch="False" />
              </lines>
            </method>
            <method name="get_NameIdPrivate" signature="()" line-rate="1" branch-rate="1">
              <lines>
                <line number="15" hits="118" branch="False" />
              </lines>
            </method>
            <method name="get_NameId" signature="()" line-rate="1" branch-rate="0.5">
              <lines>
                <line number="22" hits="107" branch="True" condition-coverage="50% (1/2)">
                  <conditions>
                    <condition number="11" type="jump" coverage="50%" />
                  </conditions>
                </line>
              </lines>
            </method>
            <method name="set_NameId" signature="(System.String)" line-rate="1" branch-rate="1">
              <lines>
                <line number="23" hits="11" branch="False" />
              </lines>
            </method>
            <method name="get_NameUrlSafe" signature="()" line-rate="1" branch-rate="1">
              <lines>
                <line number="29" hits="2" branch="False" />
              </lines>
            </method>
            <method name="get_IsVisible" signature="()" line-rate="1" branch-rate="1">
              <lines>
                <line number="31" hits="2" branch="False" />
              </lines>
            </method>
            <method name="get_IsAccessible" signature="()" line-rate="1" branch-rate="1">
              <lines>
                <line number="32" hits="2" branch="False" />
              </lines>
            </method>
            <method name="get_Bearer" signature="()" line-rate="1" branch-rate="1">
              <lines>
                <line number="35" hits="2" branch="False" />
              </lines>
            </method>
            <method name="get_ChannelEvents" signature="()" line-rate="0" branch-rate="1">
              <lines>
                <line number="37" hits="0" branch="False" />
              </lines>
            </method>
          </methods>
          <lines>
            <line number="13" hits="6" branch="False" />
            <line number="15" hits="118" branch="False" />
            <line number="22" hits="107" branch="True" condition-coverage="50% (1/2)">
              <conditions>
                <condition number="11" type="jump" coverage="50%" />
              </conditions>
            </line>
            <line number="23" hits="11" branch="False" />
            <line number="29" hits="2" branch="False" />
            <line number="31" hits="2" branch="False" />
            <line number="32" hits="2" branch="False" />
            <line number="35" hits="2" branch="False" />
            <line number="37" hits="0" branch="False" />
          </lines>
        </class>
        <class name="tabletop.Models.GetStatus" filename="/data/git/tabletop/tabletop/tabletop/Models/GetStatus.cs" line-rate="0.75" branch-rate="0" complexity="5">
          <methods>
            <method name="get_DateTime" signature="()" line-rate="1" branch-rate="1">
              <lines>
                <line number="9" hits="2" branch="False" />
              </lines>
            </method>
            <method name="get_DateTimeUtcString" signature="()" line-rate="0" branch-rate="0">
              <lines>
                <line number="15" hits="0" branch="True" condition-coverage="0% (0/2)">
                  <conditions>
                    <condition number="19" type="jump" coverage="0%" />
                  </conditions>
                </line>
              </lines>
            </method>
            <method name="get_IsFree" signature="()" line-rate="1" branch-rate="1">
              <lines>
                <line number="20" hits="4" branch="False" />
              </lines>
            </method>
            <method name="get_Difference" signature="()" line-rate="1" branch-rate="1">
              <lines>
                <line number="22" hits="3" branch="False" />
              </lines>
            </method>
          </methods>
          <lines>
            <line number="9" hits="2" branch="False" />
            <line number="15" hits="0" branch="True" condition-coverage="0% (0/2)">
              <conditions>
                <condition number="19" type="jump" coverage="0%" />
              </conditions>
            </line>
            <line number="20" hits="4" branch="False" />
            <line number="22" hits="3" branch="False" />
          </lines>
        </class>
        <class name="tabletop.Models.InputChannelEvent" filename="/data/git/tabletop/tabletop/tabletop/Models/InputChannelEvent.cs" line-rate="1" branch-rate="1" complexity="2">
          <methods>
            <method name="get_Status" signature="()" line-rate="1" branch-rate="1">
              <lines>
                <line number="8" hits="6" branch="False" />
              </lines>
            </method>
            <method name="get_Name" signature="()" line-rate="1" branch-rate="1">
              <lines>
                <line number="11" hits="14" branch="False" />
              </lines>
            </method>
          </methods>
          <lines>
            <line number="8" hits="6" branch="False" />
            <line number="11" hits="14" branch="False" />
          </lines>
        </class>
        <class name="tabletop.Hubs.DataHub" filename="/data/git/tabletop/tabletop/tabletop/Hubs/DataHub.cs" line-rate="0" branch-rate="1" complexity="3">
          <methods>
            <method name="Broadcast" signature="(System.String,System.String)" line-rate="0" branch-rate="1">
              <lines>
                <line number="12" hits="0" branch="False" />
                <line number="13" hits="0" branch="False" />
                <line number="14" hits="0" branch="False" />
                <line number="15" hits="0" branch="False" />
                <line number="16" hits="0" branch="False" />
              </lines>
            </method>
            <method name="Pong" signature="(System.String)" line-rate="0" branch-rate="1">
              <lines>
                <line number="26" hits="0" branch="False" />
              </lines>
            </method>
            <method name="Send" signature="(System.String)" line-rate="0" branch-rate="1">
              <lines>
                <line number="36" hits="0" branch="False" />
              </lines>
            </method>
          </methods>
          <lines>
            <line number="12" hits="0" branch="False" />
            <line number="13" hits="0" branch="False" />
            <line number="14" hits="0" branch="False" />
            <line number="15" hits="0" branch="False" />
            <line number="16" hits="0" branch="False" />
            <line number="26" hits="0" branch="False" />
            <line number="36" hits="0" branch="False" />
          </lines>
        </class>
        <class name="tabletop.Hubs.DataHub/&lt;OnConnectedAsync&gt;d__1" filename="/data/git/tabletop/tabletop/tabletop/Hubs/DataHub.cs" line-rate="0" branch-rate="0" complexity="2">
          <methods>
            <method name="MoveNext" signature="()" line-rate="0" branch-rate="0">
              <lines>
                <line number="21" hits="0" branch="True" condition-coverage="0% (0/2)">
                  <conditions>
                    <condition number="81" type="jump" coverage="0%" />
                  </conditions>
                </line>
                <line number="22" hits="0" branch="False" />
              </lines>
            </method>
          </methods>
          <lines>
            <line number="21" hits="0" branch="True" condition-coverage="0% (0/2)">
              <conditions>
                <condition number="81" type="jump" coverage="0%" />
              </conditions>
            </line>
            <line number="22" hits="0" branch="False" />
          </lines>
        </class>
        <class name="tabletop.Hubs.DataHub/&lt;JoinGroup&gt;d__4" filename="/data/git/tabletop/tabletop/tabletop/Hubs/DataHub.cs" line-rate="0" branch-rate="0" complexity="6">
          <methods>
            <method name="MoveNext" signature="()" line-rate="0" branch-rate="0">
              <lines>
                <line number="46" hits="0" branch="True" condition-coverage="0% (0/4)">
                  <conditions>
                    <condition number="19" type="jump" coverage="0%" />
                    <condition number="74" type="jump" coverage="0%" />
                  </conditions>
                </line>
                <line number="48" hits="0" branch="True" condition-coverage="0% (0/2)">
                  <conditions>
                    <condition number="223" type="jump" coverage="0%" />
                  </conditions>
                </line>
                <line number="49" hits="0" branch="False" />
              </lines>
            </method>
          </methods>
          <lines>
            <line number="46" hits="0" branch="True" condition-coverage="0% (0/4)">
              <conditions>
                <condition number="19" type="jump" coverage="0%" />
                <condition number="74" type="jump" coverage="0%" />
              </conditions>
            </line>
            <line number="48" hits="0" branch="True" condition-coverage="0% (0/2)">
              <conditions>
                <condition number="223" type="jump" coverage="0%" />
              </conditions>
            </line>
            <line number="49" hits="0" branch="False" />
          </lines>
        </class>
        <class name="tabletop.Dtos.DateDto" filename="/data/git/tabletop/tabletop/tabletop/Dtos/DateDto.cs" line-rate="0.8064" branch-rate="0.5" complexity="20">
          <methods>
            <method name="get_Date" signature="()" line-rate="1" branch-rate="1">
              <lines>
                <line number="15" hits="29" branch="False" />
              </lines>
            </method>
            <method name="get_Name" signature="()" line-rate="1" branch-rate="1">
              <lines>
                <line number="16" hits="15" branch="False" />
              </lines>
            </method>
            <method name="LeadingZero" signature="(System.Int32)" line-rate="0" branch-rate="0">
              <lines>
                <line number="21" hits="0" branch="True" condition-coverage="0% (0/2)">
                  <conditions>
                    <condition number="3" type="jump" coverage="0%" />
                  </conditions>
                </line>
                <line number="23" hits="0" branch="False" />
                <line number="26" hits="0" branch="False" />
              </lines>
            </method>
            <method name="GetRelativeDays" signature="(System.DateTime)" line-rate="0" branch-rate="0">
              <lines>
                <line number="32" hits="0" branch="False" />
                <line number="34" hits="0" branch="False" />
                <line number="36" hits="0" branch="True" condition-coverage="0% (0/2)">
                  <conditions>
                    <condition number="41" type="jump" coverage="0%" />
                  </conditions>
                </line>
              </lines>
            </method>
            <method name="UtcDateTimeToAmsterdamDateTime" signature="(System.DateTime)" line-rate="1" branch-rate="0.5">
              <lines>
                <line number="41" hits="199060" branch="False" />
                <line number="43" hits="199060" branch="True" condition-coverage="50% (1/2)">
                  <conditions>
                    <condition number="18" type="jump" coverage="50%" />
                  </conditions>
                </line>
              </lines>
            </method>
            <method name="GetDateTime" signature="()" line-rate="1" branch-rate="0.8332999999999999">
              <lines>
                <line number="50" hits="5" branch="False" />
                <line number="51" hits="5" branch="True" condition-coverage="100% (2/2)">
                  <conditions>
                    <condition number="15" type="jump" coverage="100%" />
                  </conditions>
                </line>
                <line number="54" hits="4" branch="True" condition-coverage="100% (2/2)">
                  <conditions>
                    <condition number="19" type="jump" coverage="100%" />
                  </conditions>
                </line>
                <line number="56" hits="1" branch="False" />
                <line number="59" hits="4" branch="False" />
                <line number="60" hits="4" branch="False" />
                <line number="61" hits="4" branch="False" />
                <line number="64" hits="1" branch="False" />
                <line number="67" hits="5" branch="True" condition-coverage="50% (1/2)">
                  <conditions>
                    <condition number="115" type="jump" coverage="50%" />
                  </conditions>
                </line>
              </lines>
            </method>
            <method name="GetUnixTime" signature="(System.DateTime)" line-rate="1" branch-rate="1">
              <lines>
                <line number="72" hits="199070" branch="False" />
              </lines>
            </method>
            <method name="UnixTimeToDateTime" signature="(System.Int32)" line-rate="1" branch-rate="1">
              <lines>
                <line number="79" hits="398120" branch="False" />
                <line number="80" hits="398120" branch="False" />
                <line number="81" hits="398120" branch="False" />
              </lines>
            </method>
            <method name="RoundUp" signature="(System.DateTime,System.TimeSpan)" line-rate="1" branch-rate="0.5">
              <lines>
                <line number="86" hits="4" branch="False" />
                <line number="87" hits="4" branch="True" condition-coverage="50% (1/2)">
                  <conditions>
                    <condition number="17" type="jump" coverage="50%" />
                  </conditions>
                </line>
                <line number="88" hits="4" branch="False" />
              </lines>
            </method>
            <method name="RoundDown" signature="(System.DateTime,System.TimeSpan)" line-rate="1" branch-rate="1">
              <lines>
                <line number="93" hits="4" branch="False" />
                <line number="94" hits="4" branch="False" />
              </lines>
            </method>
            <method name=".ctor" signature="()" line-rate="1" branch-rate="1">
              <lines>
                <line number="10" hits="16" branch="False" />
                <line number="12" hits="16" branch="False" />
                <line number="13" hits="16" branch="False" />
              </lines>
            </method>
          </methods>
          <lines>
            <line number="15" hits="29" branch="False" />
            <line number="16" hits="15" branch="False" />
            <line number="21" hits="0" branch="True" condition-coverage="0% (0/2)">
              <conditions>
                <condition number="3" type="jump" coverage="0%" />
              </conditions>
            </line>
            <line number="23" hits="0" branch="False" />
            <line number="26" hits="0" branch="False" />
            <line number="32" hits="0" branch="False" />
            <line number="34" hits="0" branch="False" />
            <line number="36" hits="0" branch="True" condition-coverage="0% (0/2)">
              <conditions>
                <condition number="41" type="jump" coverage="0%" />
              </conditions>
            </line>
            <line number="41" hits="199060" branch="False" />
            <line number="43" hits="199060" branch="True" condition-coverage="50% (1/2)">
              <conditions>
                <condition number="18" type="jump" coverage="50%" />
              </conditions>
            </line>
            <line number="50" hits="5" branch="False" />
            <line number="51" hits="5" branch="True" condition-coverage="100% (2/2)">
              <conditions>
                <condition number="15" type="jump" coverage="100%" />
              </conditions>
            </line>
            <line number="54" hits="4" branch="True" condition-coverage="100% (2/2)">
              <conditions>
                <condition number="19" type="jump" coverage="100%" />
              </conditions>
            </line>
            <line number="56" hits="1" branch="False" />
            <line number="59" hits="4" branch="False" />
            <line number="60" hits="4" branch="False" />
            <line number="61" hits="4" branch="False" />
            <line number="64" hits="1" branch="False" />
            <line number="67" hits="5" branch="True" condition-coverage="50% (1/2)">
              <conditions>
                <condition number="115" type="jump" coverage="50%" />
              </conditions>
            </line>
            <line number="72" hits="199070" branch="False" />
            <line number="79" hits="398120" branch="False" />
            <line number="80" hits="398120" branch="False" />
            <line number="81" hits="398120" branch="False" />
            <line number="86" hits="4" branch="False" />
            <line number="87" hits="4" branch="True" condition-coverage="50% (1/2)">
              <conditions>
                <condition number="17" type="jump" coverage="50%" />
              </conditions>
            </line>
            <line number="88" hits="4" branch="False" />
            <line number="93" hits="4" branch="False" />
            <line number="94" hits="4" branch="False" />
            <line number="10" hits="16" branch="False" />
            <line number="12" hits="16" branch="False" />
            <line number="13" hits="16" branch="False" />
          </lines>
        </class>
        <class name="tabletop.Data.AppDbContext" filename="/data/git/tabletop/tabletop/tabletop/Data/appDbContext.cs" line-rate="1" branch-rate="1" complexity="4">
          <methods>
            <method name="get_ChannelEvent" signature="()" line-rate="1" branch-rate="1">
              <lines>
                <line number="17" hits="36" branch="False" />
              </lines>
            </method>
            <method name="get_ChannelUser" signature="()" line-rate="1" branch-rate="1">
              <lines>
                <line number="18" hits="68" branch="False" />
              </lines>
            </method>
            <method name="OnModelCreating" signature="(Microsoft.EntityFrameworkCore.ModelBuilder)" line-rate="1" branch-rate="1">
              <lines>
                <line number="22" hits="1" branch="False" />
                <line number="23" hits="1" branch="False" />
                <line number="24" hits="1" branch="False" />
                <line number="27" hits="1" branch="False" />
              </lines>
            </method>
            <method name=".ctor" signature="(Microsoft.EntityFrameworkCore.DbContextOptions)" line-rate="1" branch-rate="1">
              <lines>
                <line number="13" hits="14" branch="False" />
                <line number="16" hits="14" branch="False" />
              </lines>
            </method>
          </methods>
          <lines>
            <line number="17" hits="36" branch="False" />
            <line number="18" hits="68" branch="False" />
            <line number="22" hits="1" branch="False" />
            <line number="23" hits="1" branch="False" />
            <line number="24" hits="1" branch="False" />
            <line number="27" hits="1" branch="False" />
            <line number="13" hits="14" branch="False" />
            <line number="16" hits="14" branch="False" />
          </lines>
        </class>
        <class name="tabletop.Controllers.ApiController" filename="/data/git/tabletop/tabletop/tabletop/Controllers/ApiController.cs" line-rate="0.7049" branch-rate="0.5" complexity="47">
          <methods>
            <method name="Index" signature="()" line-rate="1" branch-rate="1">
              <lines>
                <line number="32" hits="1" branch="False" />
              </lines>
            </method>
            <method name="Env" signature="()" line-rate="1" branch-rate="1">
              <lines>
                <line number="40" hits="1" branch="False" />
              </lines>
            </method>
            <method name="EventsRecent" signature="(tabletop.Dtos.DateDto)" line-rate="1" branch-rate="0.75">
              <lines>
                <line number="48" hits="2" branch="True" condition-coverage="50% (1/2)">
                  <conditions>
                    <condition number="11" type="jump" coverage="50%" />
                  </conditions>
                </line>
                <line number="49" hits="2" branch="False" />
                <line number="50" hits="3" branch="True" condition-coverage="100% (2/2)">
                  <conditions>
                    <condition number="44" type="jump" coverage="100%" />
                  </conditions>
                </line>
                <line number="51" hits="1" branch="False" />
              </lines>
            </method>
            <method name="EventsDayView" signature="(tabletop.Dtos.DateDto,System.String)" line-rate="0.909" branch-rate="0.6428">
              <lines>
                <line number="60" hits="2" branch="False" />
                <line number="61" hits="2" branch="True" condition-coverage="50% (2/4)">
                  <conditions>
                    <condition number="18" type="jump" coverage="50%" />
                    <condition number="32" type="jump" coverage="50%" />
                  </conditions>
                </line>
                <line number="63" hits="2" branch="False" />
                <line number="64" hits="2" branch="False" />
                <line number="65" hits="2" branch="True" condition-coverage="62.5% (5/8)">
                  <conditions>
                    <condition number="66" type="jump" coverage="50%" />
                    <condition number="81" type="jump" coverage="50%" />
                    <condition number="97" type="jump" coverage="100%" />
                    <condition number="110" type="jump" coverage="50%" />
                  </conditions>
                </line>
                <line number="70" hits="1" branch="False" />
                <line number="71" hits="198" branch="True" condition-coverage="100% (2/2)">
                  <conditions>
                    <condition number="198" type="jump" coverage="100%" />
                  </conditions>
                </line>
                <line number="73" hits="98" branch="False" />
                <line number="75" hits="1" branch="False" />
                <line number="78" hits="1" branch="False" />
                <line number="80" hits="0" branch="False" />
              </lines>
            </method>
            <method name="EventsOfficeHours" signature="(tabletop.Dtos.DateDto)" line-rate="1" branch-rate="0.5">
              <lines>
                <line number="90" hits="1" branch="False" />
                <line number="91" hits="1" branch="True" condition-coverage="50% (2/4)">
                  <conditions>
                    <condition number="18" type="jump" coverage="50%" />
                    <condition number="32" type="jump" coverage="50%" />
                  </conditions>
                </line>
                <line number="93" hits="1" branch="False" />
                <line number="94" hits="1" branch="False" />
                <line number="96" hits="1" branch="False" />
                <line number="97" hits="1" branch="False" />
                <line number="99" hits="1" branch="True" condition-coverage="50% (1/2)">
                  <conditions>
                    <condition number="141" type="jump" coverage="50%" />
                  </conditions>
                </line>
                <line number="101" hits="1" branch="False" />
              </lines>
            </method>
            <method name="Export" signature="(System.String,System.String)" line-rate="0.5" branch-rate="0.4">
              <lines>
                <line number="108" hits="1" branch="False" />
                <line number="109" hits="1" branch="False" />
                <line number="111" hits="1" branch="False" />
                <line number="112" hits="1" branch="True" condition-coverage="50% (4/8)">
                  <conditions>
                    <condition number="80" type="jump" coverage="50%" />
                    <condition number="95" type="jump" coverage="50%" />
                    <condition number="111" type="jump" coverage="50%" />
                    <condition number="124" type="jump" coverage="50%" />
                  </conditions>
                </line>
                <line number="117" hits="0" branch="False" />
                <line number="118" hits="0" branch="True" condition-coverage="0% (0/2)">
                  <conditions>
                    <condition number="213" type="jump" coverage="0%" />
                  </conditions>
                </line>
                <line number="120" hits="0" branch="False" />
                <line number="122" hits="0" branch="False" />
                <line number="125" hits="1" branch="False" />
                <line number="127" hits="0" branch="False" />
              </lines>
            </method>
            <method name="IsFree" signature="(System.String)" line-rate="1" branch-rate="0.5">
              <lines>
[...]
                  </conditions>
                </line>
                <line number="162" hits="0" branch="False" />
                <line number="163" hits="0" branch="True" condition-coverage="0% (0/2)">
                  <conditions>
                    <condition number="45" type="jump" coverage="0%" />
                  </conditions>
                </line>
                <line number="167" hits="0" branch="False" />
                <line number="169" hits="0" branch="False" />
                <line number="171" hits="0" branch="False" />
                <line number="174" hits="0" branch="False" />
                <line number="176" hits="0" branch="False" />
                <line number="178" hits="0" branch="False" />
                <line number="180" hits="0" branch="False" />
                <line number="182" hits="0" branch="False" />
              </lines>
            </method>
            <method name="IsBearerValid" signature="(Microsoft.AspNetCore.Http.HttpRequest,System.String)" line-rate="0.8571" branch-rate="0.5">
              <lines>
                <line number="189" hits="1" branch="True" condition-coverage="50% (2/4)">
                  <conditions>
                    <condition number="36" type="jump" coverage="50%" />
                    <condition number="55" type="jump" coverage="50%" />
                  </conditions>
                </line>
                <line number="190" hits="0" branch="False" />
                <line number="192" hits="1" branch="False" />
                <line number="193" hits="1" branch="False" />
                <line number="194" hits="1" branch="False" />
                <line number="195" hits="1" branch="False" />
                <line number="196" hits="1" branch="False" />
              </lines>
            </method>
            <method name=".ctor" signature="(tabletop.Interfaces.IUpdate,Microsoft.AspNetCore.SignalR.IHubContext`1&lt;tabletop.Hubs.DataHub&gt;)" line-rate="1" branch-rate="1">
              <lines>
                <line number="24" hits="9" branch="False" />
                <line number="26" hits="9" branch="False" />
                <line number="27" hits="9" branch="False" />
                <line number="28" hits="9" branch="False" />
              </lines>
            </method>
          </methods>
          <lines>
            <line number="32" hits="1" branch="False" />
            <line number="40" hits="1" branch="False" />
            <line number="48" hits="2" branch="True" condition-coverage="50% (1/2)">
              <conditions>
                <condition number="11" type="jump" coverage="50%" />
              </conditions>
            </line>
            <line number="49" hits="2" branch="False" />
            <line number="50" hits="3" branch="True" condition-coverage="100% (2/2)">
              <conditions>
                <condition number="44" type="jump" coverage="100%" />
              </conditions>
            </line>
            <line number="51" hits="1" branch="False" />
            <line number="60" hits="2" branch="False" />
            <line number="61" hits="2" branch="True" condition-coverage="50% (2/4)">
              <conditions>
                <condition number="18" type="jump" coverage="50%" />
                <condition number="32" type="jump" coverage="50%" />
              </conditions>
            </line>
            <line number="63" hits="2" branch="False" />
            <line number="64" hits="2" branch="False" />
            <line number="65" hits="2" branch="True" condition-coverage="62.5% (5/8)">
              <conditions>
                <condition number="66" type="jump" coverage="50%" />
                <condition number="81" type="jump" coverage="50%" />
                <condition number="97" type="jump" coverage="100%" />
                <condition number="110" type="jump" coverage="50%" />
              </conditions>
            </line>
            <line number="70" hits="1" branch="False" />
            <line number="71" hits="198" branch="True" condition-coverage="100% (2/2)">
              <conditions>
                <condition number="198" type="jump" coverage="100%" />
              </conditions>
            </line>
            <line number="73" hits="98" branch="False" />
            <line number="75" hits="1" branch="False" />
            <line number="78" hits="1" branch="False" />
            <line number="80" hits="0" branch="False" />
            <line number="90" hits="1" branch="False" />
            <line number="91" hits="1" branch="True" condition-coverage="50% (2/4)">
              <conditions>
                <condition number="18" type="jump" coverage="50%" />
                <condition number="32" type="jump" coverage="50%" />
              </conditions>
            </line>
            <line number="93" hits="1" branch="False" />
            <line number="94" hits="1" branch="False" />
            <line number="96" hits="1" branch="False" />
            <line number="97" hits="1" branch="False" />
            <line number="99" hits="1" branch="True" condition-coverage="50% (1/2)">
              <conditions>
                <condition number="141" type="jump" coverage="50%" />
              </conditions>
            </line>
            <line number="101" hits="1" branch="False" />
            <line number="108" hits="1" branch="False" />
            <line number="109" hits="1" branch="False" />
            <line number="111" hits="1" branch="False" />
            <line number="112" hits="1" branch="True" condition-coverage="50% (4/8)">
              <conditions>
                <condition number="80" type="jump" coverage="50%" />
                <condition number="95" type="jump" coverage="50%" />
                <condition number="111" type="jump" coverage="50%" />
                <condition number="124" type="jump" coverage="50%" />
              </conditions>
            </line>
            <line number="117" hits="0" branch="False" />
            <line number="118" hits="0" branch="True" condition-coverage="0% (0/2)">
              <conditions>
                <condition number="213" type="jump" coverage="0%" />
              </conditions>
            </line>
            <line number="120" hits="0" branch="False" />
            <line number="122" hits="0" branch="False" />
            <line number="125" hits="1" branch="False" />
            <line number="127" hits="0" branch="False" />
            <line number="136" hits="1" branch="False" />
            <line number="137" hits="1" branch="True" condition-coverage="50% (1/2)">
              <conditions>
                <condition number="8" type="jump" coverage="50%" />
              </conditions>
            </line>
            <line number="139" hits="1" branch="False" />
            <line number="140" hits="1" branch="False" />
            <line number="160" hits="0" branch="True" condition-coverage="0% (0/2)">
              <conditions>
                <condition number="11" type="jump" coverage="0%" />
              </conditions>
            </line>
            <line number="162" hits="0" branch="False" />
            <line number="163" hits="0" branch="True" condition-coverage="0% (0/2)">
              <conditions>
                <condition number="45" type="jump" coverage="0%" />
              </conditions>
            </line>
            <line number="167" hits="0" branch="False" />
            <line number="169" hits="0" branch="False" />
            <line number="171" hits="0" branch="False" />
            <line number="174" hits="0" branch="False" />
            <line number="176" hits="0" branch="False" />
            <line number="178" hits="0" branch="False" />
            <line number="180" hits="0" branch="False" />
            <line number="182" hits="0" branch="False" />
            <line number="189" hits="1" branch="True" condition-coverage="50% (2/4)">
              <conditions>
                <condition number="36" type="jump" coverage="50%" />
                <condition number="55" type="jump" coverage="50%" />
              </conditions>
            </line>
            <line number="190" hits="0" branch="False" />
            <line number="192" hits="1" branch="False" />
            <line number="193" hits="1" branch="False" />
            <line number="194" hits="1" branch="False" />
            <line number="195" hits="1" branch="False" />
            <line number="196" hits="1" branch="False" />
            <line number="24" hits="9" branch="False" />
            <line number="26" hits="9" branch="False" />
            <line number="27" hits="9" branch="False" />
            <line number="28" hits="9" branch="False" />
          </lines>
        </class>
        <class name="tabletop.Controllers.ApiController/&lt;UpdateIsFreeSocket&gt;d__10" filename="/data/git/tabletop/tabletop/tabletop/Controllers/ApiController.cs" line-rate="0" branch-rate="0" complexity="6">
          <methods>
            <method name="MoveNext" signature="()" line-rate="0" branch-rate="0">
              <lines>
                <line number="146" hits="0" branch="True" condition-coverage="0% (0/2)">
                  <conditions>
                    <condition number="22" type="jump" coverage="0%" />
                  </conditions>
                </line>
                <line number="147" hits="0" branch="True" condition-coverage="0% (0/2)">
                  <conditions>
                    <condition number="112" type="jump" coverage="0%" />
                  </conditions>
                </line>
                <line number="149" hits="0" branch="False" />
                <line number="150" hits="0" branch="True" condition-coverage="0% (0/2)">
                  <conditions>
                    <condition number="276" type="jump" coverage="0%" />
                  </conditions>
                </line>
                <line number="152" hits="0" branch="False" />
              </lines>
            </method>
          </methods>
          <lines>
            <line number="146" hits="0" branch="True" condition-coverage="0% (0/2)">
              <conditions>
                <condition number="22" type="jump" coverage="0%" />
              </conditions>
            </line>
            <line number="147" hits="0" branch="True" condition-coverage="0% (0/2)">
              <conditions>
                <condition number="112" type="jump" coverage="0%" />
              </conditions>
            </line>
            <line number="149" hits="0" branch="False" />
            <line number="150" hits="0" branch="True" condition-coverage="0% (0/2)">
              <conditions>
                <condition number="276" type="jump" coverage="0%" />
              </conditions>
            </line>
            <line number="152" hits="0" branch="False" />
          </lines>
        </class>
        <class name="tabletop.Controllers.HomeController" filename="/data/git/tabletop/tabletop/tabletop/Controllers/HomeController.cs" line-rate="0" branch-rate="0" complexity="19">
          <methods>
            <method name="Index" signature="(tabletop.Dtos.DateDto)" line-rate="0" branch-rate="0">
              <lines>
                <line number="24" hits="0" branch="False" />
                <line number="25" hits="0" branch="False" />
                <line number="26" hits="0" branch="False" />
                <line number="28" hits="0" branch="False" />
                <line number="29" hits="0" branch="False" />
                <line number="31" hits="0" branch="True" condition-coverage="0% (0/2)">
                  <conditions>
                    <condition number="74" type="jump" coverage="0%" />
                  </conditions>
                </line>
                <line number="32" hits="0" branch="False" />
                <line number="35" hits="0" branch="True" condition-coverage="0% (0/2)">
                  <conditions>
                    <condition number="117" type="jump" coverage="0%" />
                  </conditions>
                </line>
                <line number="37" hits="0" branch="True" condition-coverage="0% (0/2)">
                  <conditions>
                    <condition number="126" type="jump" coverage="0%" />
                  </conditions>
                </line>
                <line number="39" hits="0" branch="False" />
                <line number="42" hits="0" branch="True" condition-coverage="0% (0/2)">
                  <conditions>
                    <condition number="148" type="jump" coverage="0%" />
                  </conditions>
                </line>
                <line number="44" hits="0" branch="True" condition-coverage="0% (0/2)">
                  <conditions>
                    <condition number="182" type="jump" coverage="0%" />
                  </conditions>
                </line>
                <line number="46" hits="0" branch="False" />
                <line number="47" hits="0" branch="False" />
                <line number="50" hits="0" branch="True" condition-coverage="0% (0/2)">
                  <conditions>
                    <condition number="202" type="jump" coverage="0%" />
                  </conditions>
                </line>
                <line number="51" hits="0" branch="True" condition-coverage="0% (0/2)">
                  <conditions>
                    <condition number="241" type="jump" coverage="0%" />
                  </conditions>
                </line>
                <line number="53" hits="0" branch="False" />
                <line number="59" hits="0" branch="False" />
                <line number="61" hits="0" branch="True" condition-coverage="0% (0/2)">
                  <conditions>
                    <condition number="263" type="jump" coverage="0%" />
                  </conditions>
                </line>
                <line number="63" hits="0" branch="False" />
                <line number="66" hits="0" branch="False" />
                <line number="67" hits="0" branch="False" />
                <line number="68" hits="0" branch="False" />
                <line number="69" hits="0" branch="False" />
                <line number="70" hits="0" branch="False" />
                <line number="71" hits="0" branch="False" />
                <line number="72" hits="0" branch="False" />
                <line number="73" hits="0" branch="False" />
                <line number="74" hits="0" branch="False" />
                <line number="75" hits="0" branch="False" />
                <line number="76" hits="0" branch="False" />
                <line number="77" hits="0" branch="False" />
                <line number="81" hits="0" branch="True" condition-coverage="0% (0/2)">
                  <conditions>
                    <condition number="622" type="jump" coverage="0%" />
                  </conditions>
                </line>
                <line number="83" hits="0" branch="False" />
                <line number="84" hits="0" branch="False" />
                <line number="85" hits="0" branch="False" />
                <line number="86" hits="0" branch="False" />
                <line number="87" hits="0" branch="False" />
                <line number="90" hits="0" branch="False" />
              </lines>
            </method>
            <method name=".ctor" signature="(tabletop.Interfaces.IUpdate)" line-rate="0" branch-rate="1">
              <lines>
                <line number="15" hits="0" branch="False" />
                <line number="17" hits="0" branch="False" />
                <line number="18" hits="0" branch="False" />
              </lines>
            </method>
          </methods>
          <lines>
            <line number="24" hits="0" branch="False" />
            <line number="25" hits="0" branch="False" />
            <line number="26" hits="0" branch="False" />
            <line number="28" hits="0" branch="False" />
            <line number="29" hits="0" branch="False" />
            <line number="31" hits="0" branch="True" condition-coverage="0% (0/2)">
              <conditions>
                <condition number="74" type="jump" coverage="0%" />
              </conditions>
            </line>
            <line number="32" hits="0" branch="False" />
            <line number="35" hits="0" branch="True" condition-coverage="0% (0/2)">
              <conditions>
                <condition number="117" type="jump" coverage="0%" />
              </conditions>
            </line>
            <line number="37" hits="0" branch="True" condition-coverage="0% (0/2)">
              <conditions>
                <condition number="126" type="jump" coverage="0%" />
              </conditions>
            </line>
            <line number="39" hits="0" branch="False" />
            <line number="42" hits="0" branch="True" condition-coverage="0% (0/2)">
              <conditions>
                <condition number="148" type="jump" coverage="0%" />
              </conditions>
            </line>
            <line number="44" hits="0" branch="True" condition-coverage="0% (0/2)">
              <conditions>
                <condition number="182" type="jump" coverage="0%" />
              </conditions>
            </line>
            <line number="46" hits="0" branch="False" />
            <line number="47" hits="0" branch="False" />
            <line number="50" hits="0" branch="True" condition-coverage="0% (0/2)">
              <conditions>
                <condition number="202" type="jump" coverage="0%" />
              </conditions>
            </line>
            <line number="51" hits="0" branch="True" condition-coverage="0% (0/2)">
              <conditions>
                <condition number="241" type="jump" coverage="0%" />
              </conditions>
            </line>
            <line number="53" hits="0" branch="False" />
            <line number="59" hits="0" branch="False" />
            <line number="61" hits="0" branch="True" condition-coverage="0% (0/2)">
              <conditions>
                <condition number="263" type="jump" coverage="0%" />
              </conditions>
            </line>
            <line number="63" hits="0" branch="False" />
            <line number="66" hits="0" branch="False" />
            <line number="67" hits="0" branch="False" />
            <line number="68" hits="0" branch="False" />
            <line number="69" hits="0" branch="False" />
            <line number="70" hits="0" branch="False" />
            <line number="71" hits="0" branch="False" />
            <line number="72" hits="0" branch="False" />
            <line number="73" hits="0" branch="False" />
            <line number="74" hits="0" branch="False" />
            <line number="75" hits="0" branch="False" />
            <line number="76" hits="0" branch="False" />
            <line number="77" hits="0" branch="False" />
            <line number="81" hits="0" branch="True" condition-coverage="0% (0/2)">
              <conditions>
                <condition number="622" type="jump" coverage="0%" />
              </conditions>
            </line>
            <line number="83" hits="0" branch="False" />
            <line number="84" hits="0" branch="False" />
            <line number="85" hits="0" branch="False" />
            <line number="86" hits="0" branch="False" />
            <line number="87" hits="0" branch="False" />
            <line number="90" hits="0" branch="False" />
            <line number="15" hits="0" branch="False" />
            <line number="17" hits="0" branch="False" />
            <line number="18" hits="0" branch="False" />
          </lines>
        </class>
        <class name="tabletop.Controllers.HomeController/&lt;&gt;c" filename="/data/git/tabletop/tabletop/tabletop/Controllers/HomeController.cs" line-rate="1" branch-rate="0" complexity="2">
          <methods />
          <lines />
        </class>
      </classes>
    </package>
  </packages>
</coverage>